Time: 2022-05-22T18:19:11.490949
Team: 0
TEST LOG
CREATE /SmartDashboard/x WITH 0.0 AT 2022-05-22T18:19:13.470681
CREATE /SmartDashboard/y WITH 1.0 AT 2022-05-22T18:19:13.470711
CREATE /SmartDashboard/z WITH 2.0 AT 2022-05-22T18:19:13.470722
UPDATE /SmartDashboard/x WITH 3.0 AT 2022-05-22T18:19:15.960784
UPDATE /SmartDashboard/y WITH 4.0 AT 2022-05-22T18:19:15.960814
UPDATE /SmartDashboard/z WITH 5.0 AT 2022-05-22T18:19:15.960826
UPDATE /SmartDashboard/x WITH 6.0 AT 2022-05-22T18:19:18.454696
UPDATE /SmartDashboard/y WITH 7.0 AT 2022-05-22T18:19:18.454721
UPDATE /SmartDashboard/z WITH 8.0 AT 2022-05-22T18:19:18.454731
UPDATE /SmartDashboard/x WITH 9.0 AT 2022-05-22T18:19:20.944065
UPDATE /SmartDashboard/y WITH 10.0 AT 2022-05-22T18:19:20.944095
UPDATE /SmartDashboard/z WITH 11.0 AT 2022-05-22T18:19:20.944108
UPDATE /SmartDashboard/x WITH 12.0 AT 2022-05-22T18:19:23.435894
UPDATE /SmartDashboard/y WITH 13.0 AT 2022-05-22T18:19:23.435929
UPDATE /SmartDashboard/z WITH 14.0 AT 2022-05-22T18:19:23.435941
UPDATE /SmartDashboard/x WITH 15.0 AT 2022-05-22T18:19:25.925853
UPDATE /SmartDashboard/y WITH 16.0 AT 2022-05-22T18:19:25.925878
UPDATE /SmartDashboard/z WITH 17.0 AT 2022-05-22T18:19:25.925887
UPDATE /SmartDashboard/x WITH 18.0 AT 2022-05-22T18:19:28.420669
UPDATE /SmartDashboard/y WITH 19.0 AT 2022-05-22T18:19:28.420693
UPDATE /SmartDashboard/z WITH 20.0 AT 2022-05-22T18:19:28.420702
